{"C:\\everywork\\cloud_native\\cloudnative\\backend\\controllers\\activityController.js": {"path":"C:\\everywork\\cloud_native\\cloudnative\\backend\\controllers\\activityController.js","statementMap":{"0":{"start":{"line":4,"column":27},"end":{"line":138,"column":1}},"1":{"start":{"line":6,"column":33},"end":{"line":6,"column":41}},"2":{"start":{"line":9,"column":23},"end":{"line":9,"column":24}},"3":{"start":{"line":10,"column":28},"end":{"line":10,"column":38}},"4":{"start":{"line":11,"column":27},"end":{"line":11,"column":31}},"5":{"start":{"line":12,"column":8},"end":{"line":26,"column":9}},"6":{"start":{"line":13,"column":12},"end":{"line":13,"column":88}},"7":{"start":{"line":14,"column":35},"end":{"line":14,"column":88}},"8":{"start":{"line":15,"column":12},"end":{"line":20,"column":14}},"9":{"start":{"line":22,"column":12},"end":{"line":22,"column":29}},"10":{"start":{"line":23,"column":12},"end":{"line":25,"column":15}},"11":{"start":{"line":29,"column":37},"end":{"line":29,"column":45}},"12":{"start":{"line":30,"column":27},"end":{"line":30,"column":80}},"13":{"start":{"line":31,"column":21},"end":{"line":31,"column":23}},"14":{"start":{"line":32,"column":8},"end":{"line":38,"column":9}},"15":{"start":{"line":33,"column":12},"end":{"line":37,"column":14}},"16":{"start":{"line":39,"column":8},"end":{"line":42,"column":11}},"17":{"start":{"line":46,"column":23},"end":{"line":46,"column":24}},"18":{"start":{"line":47,"column":27},"end":{"line":47,"column":76}},"19":{"start":{"line":48,"column":24},"end":{"line":48,"column":26}},"20":{"start":{"line":49,"column":8},"end":{"line":63,"column":9}},"21":{"start":{"line":50,"column":28},"end":{"line":50,"column":81}},"22":{"start":{"line":51,"column":12},"end":{"line":62,"column":14}},"23":{"start":{"line":61,"column":72},"end":{"line":61,"column":85}},"24":{"start":{"line":64,"column":8},"end":{"line":69,"column":11}},"25":{"start":{"line":72,"column":30},"end":{"line":72,"column":40}},"26":{"start":{"line":73,"column":27},"end":{"line":73,"column":87}},"27":{"start":{"line":74,"column":8},"end":{"line":74,"column":31}},"28":{"start":{"line":75,"column":24},"end":{"line":75,"column":26}},"29":{"start":{"line":76,"column":8},"end":{"line":89,"column":9}},"30":{"start":{"line":77,"column":12},"end":{"line":88,"column":14}},"31":{"start":{"line":87,"column":73},"end":{"line":87,"column":86}},"32":{"start":{"line":90,"column":8},"end":{"line":96,"column":11}},"33":{"start":{"line":99,"column":21},"end":{"line":99,"column":31}},"34":{"start":{"line":100,"column":31},"end":{"line":100,"column":73}},"35":{"start":{"line":101,"column":8},"end":{"line":106,"column":11}},"36":{"start":{"line":109,"column":23},"end":{"line":109,"column":34}},"37":{"start":{"line":110,"column":26},"end":{"line":110,"column":36}},"38":{"start":{"line":111,"column":8},"end":{"line":124,"column":9}},"39":{"start":{"line":112,"column":35},"end":{"line":112,"column":86}},"40":{"start":{"line":113,"column":12},"end":{"line":118,"column":15}},"41":{"start":{"line":120,"column":12},"end":{"line":120,"column":29}},"42":{"start":{"line":121,"column":12},"end":{"line":123,"column":15}},"43":{"start":{"line":128,"column":23},"end":{"line":128,"column":34}},"44":{"start":{"line":129,"column":25},"end":{"line":129,"column":35}},"45":{"start":{"line":130,"column":31},"end":{"line":130,"column":84}},"46":{"start":{"line":131,"column":8},"end":{"line":136,"column":11}}},"fnMap":{"0":{"name":"(anonymous_0)","decl":{"start":{"line":5,"column":20},"end":{"line":5,"column":21}},"loc":{"start":{"line":5,"column":40},"end":{"line":27,"column":5}},"line":5},"1":{"name":"(anonymous_1)","decl":{"start":{"line":28,"column":19},"end":{"line":28,"column":20}},"loc":{"start":{"line":28,"column":39},"end":{"line":43,"column":5}},"line":28},"2":{"name":"(anonymous_2)","decl":{"start":{"line":44,"column":27},"end":{"line":44,"column":28}},"loc":{"start":{"line":44,"column":47},"end":{"line":70,"column":5}},"line":44},"3":{"name":"(anonymous_3)","decl":{"start":{"line":61,"column":62},"end":{"line":61,"column":63}},"loc":{"start":{"line":61,"column":72},"end":{"line":61,"column":85}},"line":61},"4":{"name":"(anonymous_4)","decl":{"start":{"line":71,"column":33},"end":{"line":71,"column":34}},"loc":{"start":{"line":71,"column":53},"end":{"line":97,"column":5}},"line":71},"5":{"name":"(anonymous_5)","decl":{"start":{"line":87,"column":63},"end":{"line":87,"column":64}},"loc":{"start":{"line":87,"column":73},"end":{"line":87,"column":86}},"line":87},"6":{"name":"(anonymous_6)","decl":{"start":{"line":98,"column":24},"end":{"line":98,"column":25}},"loc":{"start":{"line":98,"column":44},"end":{"line":107,"column":5}},"line":98},"7":{"name":"(anonymous_7)","decl":{"start":{"line":108,"column":18},"end":{"line":108,"column":19}},"loc":{"start":{"line":108,"column":38},"end":{"line":125,"column":5}},"line":108},"8":{"name":"(anonymous_8)","decl":{"start":{"line":126,"column":19},"end":{"line":126,"column":20}},"loc":{"start":{"line":126,"column":39},"end":{"line":137,"column":5}},"line":126}},"branchMap":{},"s":{"0":1,"1":2,"2":2,"3":2,"4":2,"5":2,"6":2,"7":1,"8":1,"9":1,"10":1,"11":2,"12":2,"13":1,"14":1,"15":0,"16":1,"17":2,"18":2,"19":1,"20":1,"21":0,"22":0,"23":0,"24":1,"25":2,"26":2,"27":1,"28":1,"29":1,"30":0,"31":0,"32":1,"33":2,"34":2,"35":1,"36":2,"37":2,"38":2,"39":2,"40":1,"41":1,"42":1,"43":2,"44":2,"45":2,"46":0},"f":{"0":2,"1":2,"2":2,"3":0,"4":2,"5":0,"6":2,"7":2,"8":2},"b":{},"_coverageSchema":"1a1c01bbd47fc00a2c39e90264f33305004495a9","hash":"bee1af1865c3f4452e4b141e224e432308a5e95a"}
,"C:\\everywork\\cloud_native\\cloudnative\\backend\\controllers\\bookingController.js": {"path":"C:\\everywork\\cloud_native\\cloudnative\\backend\\controllers\\bookingController.js","statementMap":{"0":{"start":{"line":5,"column":26},"end":{"line":139,"column":1}},"1":{"start":{"line":8,"column":23},"end":{"line":8,"column":34}},"2":{"start":{"line":9,"column":8},"end":{"line":22,"column":9}},"3":{"start":{"line":10,"column":29},"end":{"line":10,"column":75}},"4":{"start":{"line":11,"column":12},"end":{"line":16,"column":15}},"5":{"start":{"line":18,"column":12},"end":{"line":18,"column":29}},"6":{"start":{"line":19,"column":12},"end":{"line":21,"column":15}},"7":{"start":{"line":25,"column":26},"end":{"line":25,"column":36}},"8":{"start":{"line":26,"column":39},"end":{"line":26,"column":47}},"9":{"start":{"line":37,"column":21},"end":{"line":37,"column":23}},"10":{"start":{"line":38,"column":8},"end":{"line":72,"column":9}},"11":{"start":{"line":39,"column":29},"end":{"line":39,"column":73}},"12":{"start":{"line":40,"column":12},"end":{"line":44,"column":13}},"13":{"start":{"line":41,"column":16},"end":{"line":43,"column":17}},"14":{"start":{"line":46,"column":12},"end":{"line":50,"column":13}},"15":{"start":{"line":46,"column":25},"end":{"line":46,"column":44}},"16":{"start":{"line":47,"column":16},"end":{"line":49,"column":17}},"17":{"start":{"line":48,"column":20},"end":{"line":48,"column":82}},"18":{"start":{"line":51,"column":29},"end":{"line":51,"column":100}},"19":{"start":{"line":53,"column":12},"end":{"line":62,"column":13}},"20":{"start":{"line":55,"column":37},"end":{"line":55,"column":108}},"21":{"start":{"line":56,"column":37},"end":{"line":56,"column":108}},"22":{"start":{"line":57,"column":39},"end":{"line":57,"column":104}},"23":{"start":{"line":58,"column":16},"end":{"line":58,"column":96}},"24":{"start":{"line":59,"column":16},"end":{"line":59,"column":104}},"25":{"start":{"line":60,"column":16},"end":{"line":60,"column":106}},"26":{"start":{"line":61,"column":16},"end":{"line":61,"column":104}},"27":{"start":{"line":63,"column":12},"end":{"line":66,"column":15}},"28":{"start":{"line":68,"column":12},"end":{"line":68,"column":29}},"29":{"start":{"line":69,"column":12},"end":{"line":71,"column":15}},"30":{"start":{"line":75,"column":34},"end":{"line":75,"column":44}},"31":{"start":{"line":76,"column":21},"end":{"line":76,"column":23}},"32":{"start":{"line":77,"column":8},"end":{"line":102,"column":9}},"33":{"start":{"line":82,"column":29},"end":{"line":82,"column":91}},"34":{"start":{"line":83,"column":12},"end":{"line":92,"column":13}},"35":{"start":{"line":84,"column":16},"end":{"line":86,"column":17}},"36":{"start":{"line":85,"column":20},"end":{"line":85,"column":46}},"37":{"start":{"line":87,"column":16},"end":{"line":91,"column":18}},"38":{"start":{"line":93,"column":12},"end":{"line":96,"column":15}},"39":{"start":{"line":98,"column":12},"end":{"line":98,"column":29}},"40":{"start":{"line":99,"column":12},"end":{"line":101,"column":15}},"41":{"start":{"line":106,"column":23},"end":{"line":106,"column":24}},"42":{"start":{"line":107,"column":74},"end":{"line":107,"column":82}},"43":{"start":{"line":111,"column":25},"end":{"line":111,"column":26}},"44":{"start":{"line":112,"column":26},"end":{"line":112,"column":27}},"45":{"start":{"line":113,"column":22},"end":{"line":113,"column":34}},"46":{"start":{"line":116,"column":8},"end":{"line":126,"column":9}},"47":{"start":{"line":117,"column":12},"end":{"line":117,"column":137}},"48":{"start":{"line":118,"column":12},"end":{"line":120,"column":15}},"49":{"start":{"line":122,"column":12},"end":{"line":122,"column":29}},"50":{"start":{"line":123,"column":12},"end":{"line":125,"column":15}},"51":{"start":{"line":130,"column":21},"end":{"line":130,"column":31}},"52":{"start":{"line":131,"column":24},"end":{"line":131,"column":64}},"53":{"start":{"line":132,"column":8},"end":{"line":137,"column":11}}},"fnMap":{"0":{"name":"(anonymous_0)","decl":{"start":{"line":6,"column":25},"end":{"line":6,"column":26}},"loc":{"start":{"line":6,"column":45},"end":{"line":23,"column":5}},"line":6},"1":{"name":"(anonymous_1)","decl":{"start":{"line":24,"column":31},"end":{"line":24,"column":32}},"loc":{"start":{"line":24,"column":51},"end":{"line":73,"column":5}},"line":24},"2":{"name":"(anonymous_2)","decl":{"start":{"line":74,"column":32},"end":{"line":74,"column":33}},"loc":{"start":{"line":74,"column":52},"end":{"line":103,"column":5}},"line":74},"3":{"name":"(anonymous_3)","decl":{"start":{"line":104,"column":19},"end":{"line":104,"column":20}},"loc":{"start":{"line":104,"column":39},"end":{"line":128,"column":5}},"line":104},"4":{"name":"(anonymous_4)","decl":{"start":{"line":129,"column":23},"end":{"line":129,"column":24}},"loc":{"start":{"line":129,"column":43},"end":{"line":138,"column":5}},"line":129}},"branchMap":{"0":{"loc":{"start":{"line":84,"column":16},"end":{"line":86,"column":17}},"type":"if","locations":[{"start":{"line":84,"column":16},"end":{"line":86,"column":17}},{"start":{},"end":{}}],"line":84}},"s":{"0":1,"1":2,"2":2,"3":2,"4":1,"5":1,"6":1,"7":2,"8":2,"9":2,"10":2,"11":2,"12":1,"13":0,"14":1,"15":1,"16":7,"17":0,"18":1,"19":1,"20":0,"21":0,"22":0,"23":0,"24":0,"25":0,"26":0,"27":1,"28":1,"29":1,"30":2,"31":2,"32":2,"33":2,"34":1,"35":0,"36":0,"37":0,"38":1,"39":1,"40":1,"41":2,"42":2,"43":2,"44":2,"45":2,"46":2,"47":2,"48":1,"49":1,"50":1,"51":2,"52":2,"53":1},"f":{"0":2,"1":2,"2":2,"3":2,"4":2},"b":{"0":[0,0]},"_coverageSchema":"1a1c01bbd47fc00a2c39e90264f33305004495a9","hash":"2165746cb891db430409e8d70d8e285adf41ce1c"}
,"C:\\everywork\\cloud_native\\cloudnative\\backend\\controllers\\courtController.js": {"path":"C:\\everywork\\cloud_native\\cloudnative\\backend\\controllers\\courtController.js","statementMap":{"0":{"start":{"line":5,"column":24},"end":{"line":109,"column":1}},"1":{"start":{"line":7,"column":38},"end":{"line":7,"column":46}},"2":{"start":{"line":10,"column":25},"end":{"line":10,"column":58}},"3":{"start":{"line":11,"column":8},"end":{"line":11,"column":96}},"4":{"start":{"line":11,"column":40},"end":{"line":11,"column":96}},"5":{"start":{"line":14,"column":8},"end":{"line":24,"column":9}},"6":{"start":{"line":15,"column":26},"end":{"line":15,"column":73}},"7":{"start":{"line":16,"column":12},"end":{"line":21,"column":15}},"8":{"start":{"line":23,"column":12},"end":{"line":23,"column":68}},"9":{"start":{"line":27,"column":8},"end":{"line":37,"column":9}},"10":{"start":{"line":28,"column":27},"end":{"line":28,"column":58}},"11":{"start":{"line":29,"column":12},"end":{"line":34,"column":15}},"12":{"start":{"line":36,"column":12},"end":{"line":36,"column":68}},"13":{"start":{"line":40,"column":23},"end":{"line":40,"column":33}},"14":{"start":{"line":41,"column":8},"end":{"line":55,"column":9}},"15":{"start":{"line":42,"column":26},"end":{"line":42,"column":59}},"16":{"start":{"line":43,"column":12},"end":{"line":52,"column":13}},"17":{"start":{"line":44,"column":16},"end":{"line":49,"column":19}},"18":{"start":{"line":51,"column":16},"end":{"line":51,"column":66}},"19":{"start":{"line":54,"column":12},"end":{"line":54,"column":68}},"20":{"start":{"line":58,"column":23},"end":{"line":58,"column":33}},"21":{"start":{"line":59,"column":27},"end":{"line":59,"column":35}},"22":{"start":{"line":62,"column":25},"end":{"line":62,"column":58}},"23":{"start":{"line":63,"column":8},"end":{"line":63,"column":96}},"24":{"start":{"line":63,"column":40},"end":{"line":63,"column":96}},"25":{"start":{"line":65,"column":8},"end":{"line":82,"column":9}},"26":{"start":{"line":66,"column":26},"end":{"line":66,"column":70}},"27":{"start":{"line":67,"column":12},"end":{"line":72,"column":15}},"28":{"start":{"line":75,"column":12},"end":{"line":81,"column":13}},"29":{"start":{"line":77,"column":16},"end":{"line":77,"column":66}},"30":{"start":{"line":80,"column":16},"end":{"line":80,"column":72}},"31":{"start":{"line":85,"column":23},"end":{"line":85,"column":33}},"32":{"start":{"line":86,"column":8},"end":{"line":107,"column":9}},"33":{"start":{"line":87,"column":26},"end":{"line":87,"column":62}},"34":{"start":{"line":88,"column":12},"end":{"line":97,"column":13}},"35":{"start":{"line":89,"column":16},"end":{"line":94,"column":19}},"36":{"start":{"line":96,"column":16},"end":{"line":96,"column":66}},"37":{"start":{"line":100,"column":12},"end":{"line":106,"column":13}},"38":{"start":{"line":102,"column":16},"end":{"line":102,"column":66}},"39":{"start":{"line":105,"column":16},"end":{"line":105,"column":72}}},"fnMap":{"0":{"name":"(anonymous_0)","decl":{"start":{"line":6,"column":17},"end":{"line":6,"column":18}},"loc":{"start":{"line":6,"column":37},"end":{"line":25,"column":5}},"line":6},"1":{"name":"(anonymous_1)","decl":{"start":{"line":26,"column":18},"end":{"line":26,"column":19}},"loc":{"start":{"line":26,"column":38},"end":{"line":38,"column":5}},"line":26},"2":{"name":"(anonymous_2)","decl":{"start":{"line":39,"column":18},"end":{"line":39,"column":19}},"loc":{"start":{"line":39,"column":38},"end":{"line":56,"column":5}},"line":39},"3":{"name":"(anonymous_3)","decl":{"start":{"line":57,"column":21},"end":{"line":57,"column":22}},"loc":{"start":{"line":57,"column":41},"end":{"line":83,"column":5}},"line":57},"4":{"name":"(anonymous_4)","decl":{"start":{"line":84,"column":21},"end":{"line":84,"column":22}},"loc":{"start":{"line":84,"column":41},"end":{"line":108,"column":5}},"line":84}},"branchMap":{"0":{"loc":{"start":{"line":11,"column":8},"end":{"line":11,"column":96}},"type":"if","locations":[{"start":{"line":11,"column":8},"end":{"line":11,"column":96}},{"start":{},"end":{}}],"line":11},"1":{"loc":{"start":{"line":43,"column":12},"end":{"line":52,"column":13}},"type":"if","locations":[{"start":{"line":43,"column":12},"end":{"line":52,"column":13}},{"start":{"line":50,"column":19},"end":{"line":52,"column":13}}],"line":43},"2":{"loc":{"start":{"line":63,"column":8},"end":{"line":63,"column":96}},"type":"if","locations":[{"start":{"line":63,"column":8},"end":{"line":63,"column":96}},{"start":{},"end":{}}],"line":63},"3":{"loc":{"start":{"line":75,"column":12},"end":{"line":81,"column":13}},"type":"if","locations":[{"start":{"line":75,"column":12},"end":{"line":81,"column":13}},{"start":{"line":78,"column":19},"end":{"line":81,"column":13}}],"line":75},"4":{"loc":{"start":{"line":75,"column":16},"end":{"line":75,"column":95}},"type":"binary-expr","locations":[{"start":{"line":75,"column":16},"end":{"line":75,"column":69}},{"start":{"line":75,"column":73},"end":{"line":75,"column":95}}],"line":75},"5":{"loc":{"start":{"line":88,"column":12},"end":{"line":97,"column":13}},"type":"if","locations":[{"start":{"line":88,"column":12},"end":{"line":97,"column":13}},{"start":{"line":95,"column":19},"end":{"line":97,"column":13}}],"line":88},"6":{"loc":{"start":{"line":100,"column":12},"end":{"line":106,"column":13}},"type":"if","locations":[{"start":{"line":100,"column":12},"end":{"line":106,"column":13}},{"start":{"line":103,"column":19},"end":{"line":106,"column":13}}],"line":100},"7":{"loc":{"start":{"line":100,"column":16},"end":{"line":100,"column":95}},"type":"binary-expr","locations":[{"start":{"line":100,"column":16},"end":{"line":100,"column":69}},{"start":{"line":100,"column":73},"end":{"line":100,"column":95}}],"line":100}},"s":{"0":1,"1":3,"2":3,"3":3,"4":1,"5":2,"6":2,"7":1,"8":1,"9":2,"10":2,"11":1,"12":1,"13":3,"14":3,"15":3,"16":2,"17":1,"18":1,"19":1,"20":4,"21":4,"22":4,"23":4,"24":1,"25":3,"26":3,"27":1,"28":2,"29":1,"30":1,"31":4,"32":4,"33":4,"34":2,"35":1,"36":1,"37":2,"38":1,"39":1},"f":{"0":3,"1":2,"2":3,"3":4,"4":4},"b":{"0":[1,2],"1":[1,1],"2":[1,3],"3":[1,1],"4":[2,1],"5":[1,1],"6":[1,1],"7":[2,1]},"_coverageSchema":"1a1c01bbd47fc00a2c39e90264f33305004495a9","hash":"ececd9fe6acefed76d62f0002b4fe020e51addeb"}
,"C:\\everywork\\cloud_native\\cloudnative\\backend\\controllers\\stadiumController.js": {"path":"C:\\everywork\\cloud_native\\cloudnative\\backend\\controllers\\stadiumController.js","statementMap":{"0":{"start":{"line":4,"column":26},"end":{"line":73,"column":1}},"1":{"start":{"line":6,"column":108},"end":{"line":6,"column":116}},"2":{"start":{"line":9,"column":23},"end":{"line":9,"column":88}},"3":{"start":{"line":10,"column":8},"end":{"line":10,"column":92}},"4":{"start":{"line":10,"column":37},"end":{"line":10,"column":92}},"5":{"start":{"line":12,"column":25},"end":{"line":12,"column":58}},"6":{"start":{"line":13,"column":8},"end":{"line":13,"column":96}},"7":{"start":{"line":13,"column":40},"end":{"line":13,"column":96}},"8":{"start":{"line":16,"column":24},"end":{"line":16,"column":147}},"9":{"start":{"line":17,"column":8},"end":{"line":22,"column":11}},"10":{"start":{"line":25,"column":25},"end":{"line":25,"column":60}},"11":{"start":{"line":26,"column":8},"end":{"line":31,"column":11}},"12":{"start":{"line":34,"column":21},"end":{"line":34,"column":31}},"13":{"start":{"line":35,"column":24},"end":{"line":35,"column":61}},"14":{"start":{"line":36,"column":8},"end":{"line":41,"column":11}},"15":{"start":{"line":44,"column":21},"end":{"line":44,"column":31}},"16":{"start":{"line":45,"column":102},"end":{"line":45,"column":110}},"17":{"start":{"line":48,"column":23},"end":{"line":48,"column":88}},"18":{"start":{"line":49,"column":8},"end":{"line":49,"column":92}},"19":{"start":{"line":49,"column":37},"end":{"line":49,"column":92}},"20":{"start":{"line":51,"column":25},"end":{"line":51,"column":58}},"21":{"start":{"line":52,"column":8},"end":{"line":52,"column":96}},"22":{"start":{"line":52,"column":40},"end":{"line":52,"column":96}},"23":{"start":{"line":55,"column":24},"end":{"line":55,"column":149}},"24":{"start":{"line":56,"column":8},"end":{"line":61,"column":11}},"25":{"start":{"line":64,"column":21},"end":{"line":64,"column":31}},"26":{"start":{"line":65,"column":24},"end":{"line":65,"column":64}},"27":{"start":{"line":66,"column":8},"end":{"line":71,"column":11}}},"fnMap":{"0":{"name":"(anonymous_0)","decl":{"start":{"line":5,"column":19},"end":{"line":5,"column":20}},"loc":{"start":{"line":5,"column":39},"end":{"line":23,"column":5}},"line":5},"1":{"name":"(anonymous_1)","decl":{"start":{"line":24,"column":20},"end":{"line":24,"column":21}},"loc":{"start":{"line":24,"column":40},"end":{"line":32,"column":5}},"line":24},"2":{"name":"(anonymous_2)","decl":{"start":{"line":33,"column":20},"end":{"line":33,"column":21}},"loc":{"start":{"line":33,"column":40},"end":{"line":42,"column":5}},"line":33},"3":{"name":"(anonymous_3)","decl":{"start":{"line":43,"column":23},"end":{"line":43,"column":24}},"loc":{"start":{"line":43,"column":43},"end":{"line":62,"column":5}},"line":43},"4":{"name":"(anonymous_4)","decl":{"start":{"line":63,"column":23},"end":{"line":63,"column":24}},"loc":{"start":{"line":63,"column":43},"end":{"line":72,"column":5}},"line":63}},"branchMap":{"0":{"loc":{"start":{"line":10,"column":8},"end":{"line":10,"column":92}},"type":"if","locations":[{"start":{"line":10,"column":8},"end":{"line":10,"column":92}},{"start":{},"end":{}}],"line":10},"1":{"loc":{"start":{"line":13,"column":8},"end":{"line":13,"column":96}},"type":"if","locations":[{"start":{"line":13,"column":8},"end":{"line":13,"column":96}},{"start":{},"end":{}}],"line":13},"2":{"loc":{"start":{"line":49,"column":8},"end":{"line":49,"column":92}},"type":"if","locations":[{"start":{"line":49,"column":8},"end":{"line":49,"column":92}},{"start":{},"end":{}}],"line":49},"3":{"loc":{"start":{"line":52,"column":8},"end":{"line":52,"column":96}},"type":"if","locations":[{"start":{"line":52,"column":8},"end":{"line":52,"column":96}},{"start":{},"end":{}}],"line":52}},"s":{"0":1,"1":4,"2":4,"3":4,"4":1,"5":3,"6":3,"7":1,"8":2,"9":1,"10":2,"11":1,"12":2,"13":2,"14":1,"15":5,"16":5,"17":5,"18":5,"19":2,"20":3,"21":3,"22":1,"23":2,"24":1,"25":2,"26":2,"27":1},"f":{"0":4,"1":2,"2":2,"3":5,"4":2},"b":{"0":[1,3],"1":[1,2],"2":[2,3],"3":[1,2]},"_coverageSchema":"1a1c01bbd47fc00a2c39e90264f33305004495a9","hash":"09527854adb1ecf00f9100e2b3bdab245a8c65be"}
,"C:\\everywork\\cloud_native\\cloudnative\\backend\\controllers\\userController.js": {"path":"C:\\everywork\\cloud_native\\cloudnative\\backend\\controllers\\userController.js","statementMap":{"0":{"start":{"line":5,"column":23},"end":{"line":132,"column":1}},"1":{"start":{"line":7,"column":8},"end":{"line":49,"column":9}},"2":{"start":{"line":8,"column":59},"end":{"line":8,"column":67}},"3":{"start":{"line":11,"column":12},"end":{"line":13,"column":13}},"4":{"start":{"line":12,"column":16},"end":{"line":12,"column":91}},"5":{"start":{"line":15,"column":31},"end":{"line":15,"column":59}},"6":{"start":{"line":16,"column":12},"end":{"line":18,"column":13}},"7":{"start":{"line":17,"column":16},"end":{"line":17,"column":81}},"8":{"start":{"line":20,"column":29},"end":{"line":20,"column":39}},"9":{"start":{"line":21,"column":12},"end":{"line":23,"column":13}},"10":{"start":{"line":22,"column":16},"end":{"line":22,"column":88}},"11":{"start":{"line":25,"column":31},"end":{"line":25,"column":68}},"12":{"start":{"line":26,"column":12},"end":{"line":28,"column":13}},"13":{"start":{"line":27,"column":16},"end":{"line":27,"column":80}},"14":{"start":{"line":31,"column":25},"end":{"line":31,"column":49}},"15":{"start":{"line":32,"column":35},"end":{"line":32,"column":68}},"16":{"start":{"line":35,"column":26},"end":{"line":35,"column":105}},"17":{"start":{"line":37,"column":25},"end":{"line":37,"column":95}},"18":{"start":{"line":39,"column":12},"end":{"line":45,"column":15}},"19":{"start":{"line":47,"column":12},"end":{"line":47,"column":31}},"20":{"start":{"line":48,"column":12},"end":{"line":48,"column":51}},"21":{"start":{"line":52,"column":8},"end":{"line":67,"column":9}},"22":{"start":{"line":53,"column":25},"end":{"line":53,"column":35}},"23":{"start":{"line":54,"column":25},"end":{"line":54,"column":56}},"24":{"start":{"line":55,"column":12},"end":{"line":57,"column":13}},"25":{"start":{"line":56,"column":16},"end":{"line":56,"column":75}},"26":{"start":{"line":58,"column":12},"end":{"line":63,"column":15}},"27":{"start":{"line":65,"column":12},"end":{"line":65,"column":31}},"28":{"start":{"line":66,"column":12},"end":{"line":66,"column":51}},"29":{"start":{"line":70,"column":8},"end":{"line":94,"column":9}},"30":{"start":{"line":71,"column":25},"end":{"line":71,"column":35}},"31":{"start":{"line":72,"column":52},"end":{"line":72,"column":60}},"32":{"start":{"line":76,"column":29},"end":{"line":76,"column":39}},"33":{"start":{"line":77,"column":12},"end":{"line":79,"column":13}},"34":{"start":{"line":78,"column":16},"end":{"line":78,"column":88}},"35":{"start":{"line":81,"column":25},"end":{"line":81,"column":49}},"36":{"start":{"line":82,"column":35},"end":{"line":82,"column":68}},"37":{"start":{"line":84,"column":25},"end":{"line":84,"column":92}},"38":{"start":{"line":85,"column":12},"end":{"line":90,"column":15}},"39":{"start":{"line":92,"column":12},"end":{"line":92,"column":31}},"40":{"start":{"line":93,"column":12},"end":{"line":93,"column":51}},"41":{"start":{"line":97,"column":8},"end":{"line":109,"column":9}},"42":{"start":{"line":98,"column":25},"end":{"line":98,"column":35}},"43":{"start":{"line":99,"column":25},"end":{"line":99,"column":55}},"44":{"start":{"line":100,"column":12},"end":{"line":105,"column":15}},"45":{"start":{"line":107,"column":12},"end":{"line":107,"column":31}},"46":{"start":{"line":108,"column":12},"end":{"line":108,"column":51}},"47":{"start":{"line":112,"column":8},"end":{"line":130,"column":9}},"48":{"start":{"line":113,"column":38},"end":{"line":113,"column":46}},"49":{"start":{"line":114,"column":25},"end":{"line":114,"column":67}},"50":{"start":{"line":115,"column":12},"end":{"line":126,"column":13}},"51":{"start":{"line":116,"column":30},"end":{"line":116,"column":114}},"52":{"start":{"line":117,"column":16},"end":{"line":123,"column":19}},"53":{"start":{"line":125,"column":16},"end":{"line":125,"column":73}},"54":{"start":{"line":128,"column":12},"end":{"line":128,"column":31}},"55":{"start":{"line":129,"column":12},"end":{"line":129,"column":51}}},"fnMap":{"0":{"name":"(anonymous_0)","decl":{"start":{"line":6,"column":16},"end":{"line":6,"column":17}},"loc":{"start":{"line":6,"column":36},"end":{"line":50,"column":5}},"line":6},"1":{"name":"(anonymous_1)","decl":{"start":{"line":51,"column":17},"end":{"line":51,"column":18}},"loc":{"start":{"line":51,"column":37},"end":{"line":68,"column":5}},"line":51},"2":{"name":"(anonymous_2)","decl":{"start":{"line":69,"column":16},"end":{"line":69,"column":17}},"loc":{"start":{"line":69,"column":36},"end":{"line":95,"column":5}},"line":69},"3":{"name":"(anonymous_3)","decl":{"start":{"line":96,"column":16},"end":{"line":96,"column":17}},"loc":{"start":{"line":96,"column":36},"end":{"line":110,"column":5}},"line":96},"4":{"name":"(anonymous_4)","decl":{"start":{"line":111,"column":15},"end":{"line":111,"column":16}},"loc":{"start":{"line":111,"column":35},"end":{"line":131,"column":5}},"line":111}},"branchMap":{"0":{"loc":{"start":{"line":11,"column":12},"end":{"line":13,"column":13}},"type":"if","locations":[{"start":{"line":11,"column":12},"end":{"line":13,"column":13}},{"start":{},"end":{}}],"line":11},"1":{"loc":{"start":{"line":11,"column":16},"end":{"line":11,"column":44}},"type":"binary-expr","locations":[{"start":{"line":11,"column":16},"end":{"line":11,"column":22}},{"start":{"line":11,"column":26},"end":{"line":11,"column":35}},{"start":{"line":11,"column":39},"end":{"line":11,"column":44}}],"line":11},"2":{"loc":{"start":{"line":16,"column":12},"end":{"line":18,"column":13}},"type":"if","locations":[{"start":{"line":16,"column":12},"end":{"line":18,"column":13}},{"start":{},"end":{}}],"line":16},"3":{"loc":{"start":{"line":21,"column":12},"end":{"line":23,"column":13}},"type":"if","locations":[{"start":{"line":21,"column":12},"end":{"line":23,"column":13}},{"start":{},"end":{}}],"line":21},"4":{"loc":{"start":{"line":26,"column":12},"end":{"line":28,"column":13}},"type":"if","locations":[{"start":{"line":26,"column":12},"end":{"line":28,"column":13}},{"start":{},"end":{}}],"line":26},"5":{"loc":{"start":{"line":55,"column":12},"end":{"line":57,"column":13}},"type":"if","locations":[{"start":{"line":55,"column":12},"end":{"line":57,"column":13}},{"start":{},"end":{}}],"line":55},"6":{"loc":{"start":{"line":77,"column":12},"end":{"line":79,"column":13}},"type":"if","locations":[{"start":{"line":77,"column":12},"end":{"line":79,"column":13}},{"start":{},"end":{}}],"line":77},"7":{"loc":{"start":{"line":77,"column":16},"end":{"line":77,"column":42}},"type":"binary-expr","locations":[{"start":{"line":77,"column":16},"end":{"line":77,"column":19}},{"start":{"line":77,"column":23},"end":{"line":77,"column":42}}],"line":77},"8":{"loc":{"start":{"line":115,"column":12},"end":{"line":126,"column":13}},"type":"if","locations":[{"start":{"line":115,"column":12},"end":{"line":126,"column":13}},{"start":{"line":124,"column":19},"end":{"line":126,"column":13}}],"line":115}},"s":{"0":1,"1":6,"2":6,"3":6,"4":1,"5":5,"6":5,"7":1,"8":4,"9":4,"10":1,"11":3,"12":2,"13":1,"14":1,"15":1,"16":1,"17":1,"18":1,"19":1,"20":1,"21":3,"22":3,"23":3,"24":2,"25":1,"26":1,"27":1,"28":1,"29":3,"30":3,"31":3,"32":3,"33":3,"34":1,"35":2,"36":2,"37":2,"38":1,"39":1,"40":1,"41":2,"42":2,"43":2,"44":1,"45":1,"46":1,"47":3,"48":3,"49":3,"50":2,"51":1,"52":1,"53":1,"54":1,"55":1},"f":{"0":6,"1":3,"2":3,"3":2,"4":3},"b":{"0":[1,5],"1":[6,6,5],"2":[1,4],"3":[1,3],"4":[1,1],"5":[1,1],"6":[1,2],"7":[3,3],"8":[1,1]},"_coverageSchema":"1a1c01bbd47fc00a2c39e90264f33305004495a9","hash":"5653655c214b2fb8aedc0e86c997b97e963b7e0b"}
,"C:\\everywork\\cloud_native\\cloudnative\\backend\\models\\activityModel.js": {"path":"C:\\everywork\\cloud_native\\cloudnative\\backend\\models\\activityModel.js","statementMap":{"0":{"start":{"line":2,"column":15},"end":{"line":2,"column":33}},"1":{"start":{"line":4,"column":22},"end":{"line":84,"column":1}},"2":{"start":{"line":6,"column":25},"end":{"line":11,"column":10}},"3":{"start":{"line":12,"column":8},"end":{"line":12,"column":24}},"4":{"start":{"line":15,"column":27},"end":{"line":29,"column":10}},"5":{"start":{"line":30,"column":8},"end":{"line":30,"column":26}},"6":{"start":{"line":33,"column":27},"end":{"line":40,"column":10}},"7":{"start":{"line":41,"column":8},"end":{"line":41,"column":26}},"8":{"start":{"line":44,"column":27},"end":{"line":55,"column":10}},"9":{"start":{"line":56,"column":8},"end":{"line":56,"column":26}},"10":{"start":{"line":59,"column":25},"end":{"line":63,"column":10}},"11":{"start":{"line":64,"column":8},"end":{"line":64,"column":24}},"12":{"start":{"line":67,"column":31},"end":{"line":72,"column":10}},"13":{"start":{"line":73,"column":8},"end":{"line":73,"column":30}},"14":{"start":{"line":76,"column":31},"end":{"line":81,"column":10}},"15":{"start":{"line":82,"column":8},"end":{"line":82,"column":30}}},"fnMap":{"0":{"name":"(anonymous_0)","decl":{"start":{"line":5,"column":20},"end":{"line":5,"column":21}},"loc":{"start":{"line":5,"column":49},"end":{"line":13,"column":5}},"line":5},"1":{"name":"(anonymous_1)","decl":{"start":{"line":14,"column":19},"end":{"line":14,"column":20}},"loc":{"start":{"line":14,"column":49},"end":{"line":31,"column":5}},"line":14},"2":{"name":"(anonymous_2)","decl":{"start":{"line":32,"column":27},"end":{"line":32,"column":28}},"loc":{"start":{"line":32,"column":45},"end":{"line":42,"column":5}},"line":32},"3":{"name":"(anonymous_3)","decl":{"start":{"line":43,"column":33},"end":{"line":43,"column":34}},"loc":{"start":{"line":43,"column":56},"end":{"line":57,"column":5}},"line":43},"4":{"name":"(anonymous_4)","decl":{"start":{"line":58,"column":24},"end":{"line":58,"column":25}},"loc":{"start":{"line":58,"column":38},"end":{"line":65,"column":5}},"line":58},"5":{"name":"(anonymous_5)","decl":{"start":{"line":66,"column":18},"end":{"line":66,"column":19}},"loc":{"start":{"line":66,"column":47},"end":{"line":74,"column":5}},"line":66},"6":{"name":"(anonymous_6)","decl":{"start":{"line":75,"column":19},"end":{"line":75,"column":20}},"loc":{"start":{"line":75,"column":48},"end":{"line":83,"column":5}},"line":75}},"branchMap":{},"s":{"0":1,"1":1,"2":0,"3":0,"4":0,"5":0,"6":0,"7":0,"8":0,"9":0,"10":0,"11":0,"12":0,"13":0,"14":0,"15":0},"f":{"0":0,"1":0,"2":0,"3":0,"4":0,"5":0,"6":0},"b":{},"_coverageSchema":"1a1c01bbd47fc00a2c39e90264f33305004495a9","hash":"429800fc175e19dddc5a7135fe8aba60563c9c17"}
,"C:\\everywork\\cloud_native\\cloudnative\\backend\\models\\bookingModel.js": {"path":"C:\\everywork\\cloud_native\\cloudnative\\backend\\models\\bookingModel.js","statementMap":{"0":{"start":{"line":2,"column":15},"end":{"line":2,"column":33}},"1":{"start":{"line":4,"column":21},"end":{"line":105,"column":1}},"2":{"start":{"line":6,"column":25},"end":{"line":15,"column":10}},"3":{"start":{"line":16,"column":8},"end":{"line":16,"column":24}},"4":{"start":{"line":19,"column":24},"end":{"line":28,"column":10}},"5":{"start":{"line":29,"column":8},"end":{"line":29,"column":23}},"6":{"start":{"line":32,"column":25},"end":{"line":40,"column":10}},"7":{"start":{"line":41,"column":8},"end":{"line":41,"column":24}},"8":{"start":{"line":44,"column":25},"end":{"line":57,"column":10}},"9":{"start":{"line":58,"column":8},"end":{"line":58,"column":24}},"10":{"start":{"line":61,"column":24},"end":{"line":72,"column":10}},"11":{"start":{"line":73,"column":8},"end":{"line":73,"column":23}},"12":{"start":{"line":76,"column":24},"end":{"line":80,"column":10}},"13":{"start":{"line":81,"column":8},"end":{"line":81,"column":23}},"14":{"start":{"line":84,"column":24},"end":{"line":93,"column":10}},"15":{"start":{"line":94,"column":8},"end":{"line":94,"column":23}},"16":{"start":{"line":97,"column":31},"end":{"line":102,"column":10}},"17":{"start":{"line":103,"column":8},"end":{"line":103,"column":30}}},"fnMap":{"0":{"name":"(anonymous_0)","decl":{"start":{"line":5,"column":25},"end":{"line":5,"column":26}},"loc":{"start":{"line":5,"column":43},"end":{"line":17,"column":5}},"line":5},"1":{"name":"(anonymous_1)","decl":{"start":{"line":18,"column":20},"end":{"line":18,"column":21}},"loc":{"start":{"line":18,"column":34},"end":{"line":30,"column":5}},"line":18},"2":{"name":"(anonymous_2)","decl":{"start":{"line":31,"column":31},"end":{"line":31,"column":32}},"loc":{"start":{"line":31,"column":68},"end":{"line":42,"column":5}},"line":31},"3":{"name":"(anonymous_3)","decl":{"start":{"line":43,"column":32},"end":{"line":43,"column":33}},"loc":{"start":{"line":43,"column":59},"end":{"line":59,"column":5}},"line":43},"4":{"name":"(anonymous_4)","decl":{"start":{"line":60,"column":19},"end":{"line":60,"column":20}},"loc":{"start":{"line":60,"column":107},"end":{"line":74,"column":5}},"line":60},"5":{"name":"(anonymous_5)","decl":{"start":{"line":75,"column":23},"end":{"line":75,"column":24}},"loc":{"start":{"line":75,"column":37},"end":{"line":82,"column":5}},"line":75},"6":{"name":"(anonymous_6)","decl":{"start":{"line":83,"column":23},"end":{"line":83,"column":24}},"loc":{"start":{"line":83,"column":65},"end":{"line":95,"column":5}},"line":83},"7":{"name":"(anonymous_7)","decl":{"start":{"line":96,"column":18},"end":{"line":96,"column":19}},"loc":{"start":{"line":96,"column":48},"end":{"line":104,"column":5}},"line":96}},"branchMap":{},"s":{"0":2,"1":2,"2":0,"3":0,"4":0,"5":0,"6":0,"7":0,"8":0,"9":0,"10":0,"11":0,"12":0,"13":0,"14":0,"15":0,"16":0,"17":0},"f":{"0":0,"1":0,"2":0,"3":0,"4":0,"5":0,"6":0,"7":0},"b":{},"_coverageSchema":"1a1c01bbd47fc00a2c39e90264f33305004495a9","hash":"4052ef8e90d15c376b1297ede4d41888ee316e24"}
,"C:\\everywork\\cloud_native\\cloudnative\\backend\\models\\courtModel.js": {"path":"C:\\everywork\\cloud_native\\cloudnative\\backend\\models\\courtModel.js","statementMap":{"0":{"start":{"line":2,"column":15},"end":{"line":2,"column":33}},"1":{"start":{"line":4,"column":19},"end":{"line":59,"column":2}},"2":{"start":{"line":4,"column":32},"end":{"line":59,"column":1}},"3":{"start":{"line":6,"column":22},"end":{"line":15,"column":10}},"4":{"start":{"line":16,"column":8},"end":{"line":16,"column":21}},"5":{"start":{"line":19,"column":23},"end":{"line":23,"column":10}},"6":{"start":{"line":24,"column":8},"end":{"line":24,"column":22}},"7":{"start":{"line":27,"column":22},"end":{"line":34,"column":10}},"8":{"start":{"line":36,"column":8},"end":{"line":36,"column":21}},"9":{"start":{"line":40,"column":22},"end":{"line":47,"column":10}},"10":{"start":{"line":49,"column":8},"end":{"line":49,"column":21}},"11":{"start":{"line":52,"column":22},"end":{"line":56,"column":10}},"12":{"start":{"line":57,"column":8},"end":{"line":57,"column":21}},"13":{"start":{"line":61,"column":33},"end":{"line":61,"column":51}}},"fnMap":{"0":{"name":"(anonymous_0)","decl":{"start":{"line":4,"column":19},"end":{"line":4,"column":20}},"loc":{"start":{"line":4,"column":32},"end":{"line":59,"column":1}},"line":4},"1":{"name":"(anonymous_1)","decl":{"start":{"line":5,"column":17},"end":{"line":5,"column":18}},"loc":{"start":{"line":5,"column":46},"end":{"line":17,"column":5}},"line":5},"2":{"name":"(anonymous_2)","decl":{"start":{"line":18,"column":18},"end":{"line":18,"column":19}},"loc":{"start":{"line":18,"column":30},"end":{"line":25,"column":5}},"line":18},"3":{"name":"(anonymous_3)","decl":{"start":{"line":26,"column":18},"end":{"line":26,"column":19}},"loc":{"start":{"line":26,"column":32},"end":{"line":37,"column":5}},"line":26},"4":{"name":"(anonymous_4)","decl":{"start":{"line":38,"column":21},"end":{"line":38,"column":22}},"loc":{"start":{"line":38,"column":43},"end":{"line":50,"column":5}},"line":38},"5":{"name":"(anonymous_5)","decl":{"start":{"line":51,"column":21},"end":{"line":51,"column":22}},"loc":{"start":{"line":51,"column":35},"end":{"line":58,"column":5}},"line":51}},"branchMap":{},"s":{"0":2,"1":2,"2":3,"3":1,"4":1,"5":1,"6":1,"7":1,"8":1,"9":1,"10":1,"11":1,"12":1,"13":2},"f":{"0":3,"1":1,"2":1,"3":1,"4":1,"5":1},"b":{},"_coverageSchema":"1a1c01bbd47fc00a2c39e90264f33305004495a9","hash":"c889659e0b5d3a55b448b0e88dc85646152030e3"}
,"C:\\everywork\\cloud_native\\cloudnative\\backend\\models\\stadiumModel.js": {"path":"C:\\everywork\\cloud_native\\cloudnative\\backend\\models\\stadiumModel.js","statementMap":{"0":{"start":{"line":2,"column":15},"end":{"line":2,"column":33}},"1":{"start":{"line":5,"column":21},"end":{"line":86,"column":1}},"2":{"start":{"line":7,"column":24},"end":{"line":25,"column":10}},"3":{"start":{"line":26,"column":8},"end":{"line":26,"column":23}},"4":{"start":{"line":29,"column":25},"end":{"line":33,"column":10}},"5":{"start":{"line":34,"column":8},"end":{"line":34,"column":24}},"6":{"start":{"line":37,"column":24},"end":{"line":44,"column":10}},"7":{"start":{"line":45,"column":8},"end":{"line":45,"column":23}},"8":{"start":{"line":48,"column":24},"end":{"line":67,"column":10}},"9":{"start":{"line":68,"column":8},"end":{"line":68,"column":23}},"10":{"start":{"line":71,"column":24},"end":{"line":75,"column":10}},"11":{"start":{"line":76,"column":8},"end":{"line":76,"column":23}},"12":{"start":{"line":79,"column":25},"end":{"line":83,"column":10}},"13":{"start":{"line":84,"column":8},"end":{"line":84,"column":24}}},"fnMap":{"0":{"name":"(anonymous_0)","decl":{"start":{"line":6,"column":19},"end":{"line":6,"column":20}},"loc":{"start":{"line":6,"column":120},"end":{"line":27,"column":5}},"line":6},"1":{"name":"(anonymous_1)","decl":{"start":{"line":28,"column":20},"end":{"line":28,"column":21}},"loc":{"start":{"line":28,"column":32},"end":{"line":35,"column":5}},"line":28},"2":{"name":"(anonymous_2)","decl":{"start":{"line":36,"column":20},"end":{"line":36,"column":21}},"loc":{"start":{"line":36,"column":34},"end":{"line":46,"column":5}},"line":36},"3":{"name":"(anonymous_3)","decl":{"start":{"line":47,"column":23},"end":{"line":47,"column":24}},"loc":{"start":{"line":47,"column":122},"end":{"line":69,"column":5}},"line":47},"4":{"name":"(anonymous_4)","decl":{"start":{"line":70,"column":23},"end":{"line":70,"column":24}},"loc":{"start":{"line":70,"column":37},"end":{"line":77,"column":5}},"line":70},"5":{"name":"(anonymous_5)","decl":{"start":{"line":78,"column":24},"end":{"line":78,"column":25}},"loc":{"start":{"line":78,"column":41},"end":{"line":85,"column":5}},"line":78}},"branchMap":{},"s":{"0":2,"1":2,"2":0,"3":0,"4":0,"5":0,"6":0,"7":0,"8":0,"9":0,"10":0,"11":0,"12":0,"13":0},"f":{"0":0,"1":0,"2":0,"3":0,"4":0,"5":0},"b":{},"_coverageSchema":"1a1c01bbd47fc00a2c39e90264f33305004495a9","hash":"aac0bc101eb6ce2da71cacddf88260ecb80bb977"}
,"C:\\everywork\\cloud_native\\cloudnative\\backend\\models\\userModel.js": {"path":"C:\\everywork\\cloud_native\\cloudnative\\backend\\models\\userModel.js","statementMap":{"0":{"start":{"line":3,"column":15},"end":{"line":3,"column":33}},"1":{"start":{"line":6,"column":18},"end":{"line":74,"column":1}},"2":{"start":{"line":8,"column":21},"end":{"line":16,"column":10}},"3":{"start":{"line":17,"column":8},"end":{"line":17,"column":20}},"4":{"start":{"line":20,"column":21},"end":{"line":24,"column":10}},"5":{"start":{"line":25,"column":8},"end":{"line":25,"column":20}},"6":{"start":{"line":28,"column":21},"end":{"line":32,"column":10}},"7":{"start":{"line":33,"column":8},"end":{"line":33,"column":20}},"8":{"start":{"line":36,"column":21},"end":{"line":46,"column":10}},"9":{"start":{"line":47,"column":8},"end":{"line":47,"column":20}},"10":{"start":{"line":50,"column":21},"end":{"line":54,"column":10}},"11":{"start":{"line":55,"column":8},"end":{"line":55,"column":20}},"12":{"start":{"line":58,"column":21},"end":{"line":62,"column":10}},"13":{"start":{"line":63,"column":8},"end":{"line":72,"column":9}},"14":{"start":{"line":64,"column":26},"end":{"line":64,"column":71}},"15":{"start":{"line":65,"column":12},"end":{"line":69,"column":13}},"16":{"start":{"line":66,"column":16},"end":{"line":66,"column":28}},"17":{"start":{"line":68,"column":16},"end":{"line":68,"column":28}},"18":{"start":{"line":71,"column":12},"end":{"line":71,"column":24}}},"fnMap":{"0":{"name":"(anonymous_0)","decl":{"start":{"line":7,"column":16},"end":{"line":7,"column":17}},"loc":{"start":{"line":7,"column":64},"end":{"line":18,"column":5}},"line":7},"1":{"name":"(anonymous_1)","decl":{"start":{"line":19,"column":17},"end":{"line":19,"column":18}},"loc":{"start":{"line":19,"column":31},"end":{"line":26,"column":5}},"line":19},"2":{"name":"(anonymous_2)","decl":{"start":{"line":27,"column":20},"end":{"line":27,"column":21}},"loc":{"start":{"line":27,"column":37},"end":{"line":34,"column":5}},"line":27},"3":{"name":"(anonymous_3)","decl":{"start":{"line":35,"column":16},"end":{"line":35,"column":17}},"loc":{"start":{"line":35,"column":61},"end":{"line":48,"column":5}},"line":35},"4":{"name":"(anonymous_4)","decl":{"start":{"line":49,"column":16},"end":{"line":49,"column":17}},"loc":{"start":{"line":49,"column":30},"end":{"line":56,"column":5}},"line":49},"5":{"name":"(anonymous_5)","decl":{"start":{"line":57,"column":15},"end":{"line":57,"column":16}},"loc":{"start":{"line":57,"column":42},"end":{"line":73,"column":5}},"line":57}},"branchMap":{"0":{"loc":{"start":{"line":63,"column":8},"end":{"line":72,"column":9}},"type":"if","locations":[{"start":{"line":63,"column":8},"end":{"line":72,"column":9}},{"start":{"line":70,"column":15},"end":{"line":72,"column":9}}],"line":63},"1":{"loc":{"start":{"line":65,"column":12},"end":{"line":69,"column":13}},"type":"if","locations":[{"start":{"line":65,"column":12},"end":{"line":69,"column":13}},{"start":{"line":67,"column":19},"end":{"line":69,"column":13}}],"line":65}},"s":{"0":1,"1":1,"2":0,"3":0,"4":0,"5":0,"6":0,"7":0,"8":0,"9":0,"10":0,"11":0,"12":0,"13":0,"14":0,"15":0,"16":0,"17":0,"18":0},"f":{"0":0,"1":0,"2":0,"3":0,"4":0,"5":0},"b":{"0":[0,0],"1":[0,0]},"_coverageSchema":"1a1c01bbd47fc00a2c39e90264f33305004495a9","hash":"2bf3e9cea240d661c8b5f67ec87a2af0cb639385"}
}
