TN:
SF:controllers\activityController.js
FN:5,(anonymous_0)
FN:28,(anonymous_1)
FN:44,(anonymous_2)
FN:61,(anonymous_3)
FN:71,(anonymous_4)
FN:87,(anonymous_5)
FN:98,(anonymous_6)
FN:108,(anonymous_7)
FN:126,(anonymous_8)
FNF:9
FNH:7
FNDA:2,(anonymous_0)
FNDA:2,(anonymous_1)
FNDA:2,(anonymous_2)
FNDA:0,(anonymous_3)
FNDA:2,(anonymous_4)
FNDA:0,(anonymous_5)
FNDA:2,(anonymous_6)
FNDA:2,(anonymous_7)
FNDA:2,(anonymous_8)
DA:4,1
DA:6,2
DA:9,2
DA:10,2
DA:11,2
DA:12,2
DA:13,2
DA:14,1
DA:15,1
DA:22,1
DA:23,1
DA:29,2
DA:30,2
DA:31,1
DA:32,1
DA:33,0
DA:39,1
DA:46,2
DA:47,2
DA:48,1
DA:49,1
DA:50,0
DA:51,0
DA:61,0
DA:64,1
DA:72,2
DA:73,2
DA:74,1
DA:75,1
DA:76,1
DA:77,0
DA:87,0
DA:90,1
DA:99,2
DA:100,2
DA:101,1
DA:109,2
DA:110,2
DA:111,2
DA:112,2
DA:113,1
DA:120,1
DA:121,1
DA:128,2
DA:129,2
DA:130,2
DA:131,0
LF:47
LH:40
BRF:0
BRH:0
end_of_record
TN:
SF:controllers\bookingController.js
FN:6,(anonymous_0)
FN:24,(anonymous_1)
FN:74,(anonymous_2)
FN:104,(anonymous_3)
FN:129,(anonymous_4)
FNF:5
FNH:5
FNDA:2,(anonymous_0)
FNDA:2,(anonymous_1)
FNDA:2,(anonymous_2)
FNDA:2,(anonymous_3)
FNDA:2,(anonymous_4)
DA:5,1
DA:8,2
DA:9,2
DA:10,2
DA:11,1
DA:18,1
DA:19,1
DA:25,2
DA:26,2
DA:37,2
DA:38,2
DA:39,2
DA:40,1
DA:41,0
DA:46,1
DA:47,7
DA:48,0
DA:51,1
DA:53,1
DA:55,0
DA:56,0
DA:57,0
DA:58,0
DA:59,0
DA:60,0
DA:61,0
DA:63,1
DA:68,1
DA:69,1
DA:75,2
DA:76,2
DA:77,2
DA:82,2
DA:83,1
DA:84,0
DA:85,0
DA:87,0
DA:93,1
DA:98,1
DA:99,1
DA:106,2
DA:107,2
DA:111,2
DA:112,2
DA:113,2
DA:116,2
DA:117,2
DA:118,1
DA:122,1
DA:123,1
DA:130,2
DA:131,2
DA:132,1
LF:53
LH:41
BRDA:84,0,0,0
BRDA:84,0,1,0
BRF:2
BRH:0
end_of_record
TN:
SF:controllers\courtController.js
FN:6,(anonymous_0)
FN:26,(anonymous_1)
FN:39,(anonymous_2)
FN:57,(anonymous_3)
FN:84,(anonymous_4)
FNF:5
FNH:5
FNDA:3,(anonymous_0)
FNDA:2,(anonymous_1)
FNDA:3,(anonymous_2)
FNDA:4,(anonymous_3)
FNDA:4,(anonymous_4)
DA:5,1
DA:7,3
DA:10,3
DA:11,3
DA:14,2
DA:15,2
DA:16,1
DA:23,1
DA:27,2
DA:28,2
DA:29,1
DA:36,1
DA:40,3
DA:41,3
DA:42,3
DA:43,2
DA:44,1
DA:51,1
DA:54,1
DA:58,4
DA:59,4
DA:62,4
DA:63,4
DA:65,3
DA:66,3
DA:67,1
DA:75,2
DA:77,1
DA:80,1
DA:85,4
DA:86,4
DA:87,4
DA:88,2
DA:89,1
DA:96,1
DA:100,2
DA:102,1
DA:105,1
LF:38
LH:38
BRDA:11,0,0,1
BRDA:11,0,1,2
BRDA:43,1,0,1
BRDA:43,1,1,1
BRDA:63,2,0,1
BRDA:63,2,1,3
BRDA:75,3,0,1
BRDA:75,3,1,1
BRDA:75,4,0,2
BRDA:75,4,1,1
BRDA:88,5,0,1
BRDA:88,5,1,1
BRDA:100,6,0,1
BRDA:100,6,1,1
BRDA:100,7,0,2
BRDA:100,7,1,1
BRF:16
BRH:16
end_of_record
TN:
SF:controllers\stadiumController.js
FN:5,(anonymous_0)
FN:24,(anonymous_1)
FN:33,(anonymous_2)
FN:43,(anonymous_3)
FN:63,(anonymous_4)
FNF:5
FNH:5
FNDA:4,(anonymous_0)
FNDA:2,(anonymous_1)
FNDA:2,(anonymous_2)
FNDA:5,(anonymous_3)
FNDA:2,(anonymous_4)
DA:4,1
DA:6,4
DA:9,4
DA:10,4
DA:12,3
DA:13,3
DA:16,2
DA:17,1
DA:25,2
DA:26,1
DA:34,2
DA:35,2
DA:36,1
DA:44,5
DA:45,5
DA:48,5
DA:49,5
DA:51,3
DA:52,3
DA:55,2
DA:56,1
DA:64,2
DA:65,2
DA:66,1
LF:24
LH:24
BRDA:10,0,0,1
BRDA:10,0,1,3
BRDA:13,1,0,1
BRDA:13,1,1,2
BRDA:49,2,0,2
BRDA:49,2,1,3
BRDA:52,3,0,1
BRDA:52,3,1,2
BRF:8
BRH:8
end_of_record
TN:
SF:controllers\userController.js
FN:6,(anonymous_0)
FN:51,(anonymous_1)
FN:69,(anonymous_2)
FN:96,(anonymous_3)
FN:111,(anonymous_4)
FNF:5
FNH:5
FNDA:6,(anonymous_0)
FNDA:3,(anonymous_1)
FNDA:3,(anonymous_2)
FNDA:2,(anonymous_3)
FNDA:3,(anonymous_4)
DA:5,1
DA:7,6
DA:8,6
DA:11,6
DA:12,1
DA:15,5
DA:16,5
DA:17,1
DA:20,4
DA:21,4
DA:22,1
DA:25,3
DA:26,2
DA:27,1
DA:31,1
DA:32,1
DA:35,1
DA:37,1
DA:39,1
DA:47,1
DA:48,1
DA:52,3
DA:53,3
DA:54,3
DA:55,2
DA:56,1
DA:58,1
DA:65,1
DA:66,1
DA:70,3
DA:71,3
DA:72,3
DA:76,3
DA:77,3
DA:78,1
DA:81,2
DA:82,2
DA:84,2
DA:85,1
DA:92,1
DA:93,1
DA:97,2
DA:98,2
DA:99,2
DA:100,1
DA:107,1
DA:108,1
DA:112,3
DA:113,3
DA:114,3
DA:115,2
DA:116,1
DA:117,1
DA:125,1
DA:128,1
DA:129,1
LF:56
LH:56
BRDA:11,0,0,1
BRDA:11,0,1,5
BRDA:11,1,0,6
BRDA:11,1,1,6
BRDA:11,1,2,5
BRDA:16,2,0,1
BRDA:16,2,1,4
BRDA:21,3,0,1
BRDA:21,3,1,3
BRDA:26,4,0,1
BRDA:26,4,1,1
BRDA:55,5,0,1
BRDA:55,5,1,1
BRDA:77,6,0,1
BRDA:77,6,1,2
BRDA:77,7,0,3
BRDA:77,7,1,3
BRDA:115,8,0,1
BRDA:115,8,1,1
BRF:19
BRH:19
end_of_record
TN:
SF:models\activityModel.js
FN:5,(anonymous_0)
FN:14,(anonymous_1)
FN:32,(anonymous_2)
FN:43,(anonymous_3)
FN:58,(anonymous_4)
FN:66,(anonymous_5)
FN:75,(anonymous_6)
FNF:7
FNH:0
FNDA:0,(anonymous_0)
FNDA:0,(anonymous_1)
FNDA:0,(anonymous_2)
FNDA:0,(anonymous_3)
FNDA:0,(anonymous_4)
FNDA:0,(anonymous_5)
FNDA:0,(anonymous_6)
DA:2,1
DA:4,1
DA:6,0
DA:12,0
DA:15,0
DA:30,0
DA:33,0
DA:41,0
DA:44,0
DA:56,0
DA:59,0
DA:64,0
DA:67,0
DA:73,0
DA:76,0
DA:82,0
LF:16
LH:2
BRF:0
BRH:0
end_of_record
TN:
SF:models\bookingModel.js
FN:5,(anonymous_0)
FN:18,(anonymous_1)
FN:31,(anonymous_2)
FN:43,(anonymous_3)
FN:60,(anonymous_4)
FN:75,(anonymous_5)
FN:83,(anonymous_6)
FN:96,(anonymous_7)
FNF:8
FNH:0
FNDA:0,(anonymous_0)
FNDA:0,(anonymous_1)
FNDA:0,(anonymous_2)
FNDA:0,(anonymous_3)
FNDA:0,(anonymous_4)
FNDA:0,(anonymous_5)
FNDA:0,(anonymous_6)
FNDA:0,(anonymous_7)
DA:2,2
DA:4,2
DA:6,0
DA:16,0
DA:19,0
DA:29,0
DA:32,0
DA:41,0
DA:44,0
DA:58,0
DA:61,0
DA:73,0
DA:76,0
DA:81,0
DA:84,0
DA:94,0
DA:97,0
DA:103,0
LF:18
LH:2
BRF:0
BRH:0
end_of_record
TN:
SF:models\courtModel.js
FN:4,(anonymous_0)
FN:5,(anonymous_1)
FN:18,(anonymous_2)
FN:26,(anonymous_3)
FN:38,(anonymous_4)
FN:51,(anonymous_5)
FNF:6
FNH:6
FNDA:3,(anonymous_0)
FNDA:1,(anonymous_1)
FNDA:1,(anonymous_2)
FNDA:1,(anonymous_3)
FNDA:1,(anonymous_4)
FNDA:1,(anonymous_5)
DA:2,2
DA:4,3
DA:6,1
DA:16,1
DA:19,1
DA:24,1
DA:27,1
DA:36,1
DA:40,1
DA:49,1
DA:52,1
DA:57,1
DA:61,2
LF:13
LH:13
BRF:0
BRH:0
end_of_record
TN:
SF:models\stadiumModel.js
FN:6,(anonymous_0)
FN:28,(anonymous_1)
FN:36,(anonymous_2)
FN:47,(anonymous_3)
FN:70,(anonymous_4)
FN:78,(anonymous_5)
FNF:6
FNH:0
FNDA:0,(anonymous_0)
FNDA:0,(anonymous_1)
FNDA:0,(anonymous_2)
FNDA:0,(anonymous_3)
FNDA:0,(anonymous_4)
FNDA:0,(anonymous_5)
DA:2,2
DA:5,2
DA:7,0
DA:26,0
DA:29,0
DA:34,0
DA:37,0
DA:45,0
DA:48,0
DA:68,0
DA:71,0
DA:76,0
DA:79,0
DA:84,0
LF:14
LH:2
BRF:0
BRH:0
end_of_record
TN:
SF:models\userModel.js
FN:7,(anonymous_0)
FN:19,(anonymous_1)
FN:27,(anonymous_2)
FN:35,(anonymous_3)
FN:49,(anonymous_4)
FN:57,(anonymous_5)
FNF:6
FNH:0
FNDA:0,(anonymous_0)
FNDA:0,(anonymous_1)
FNDA:0,(anonymous_2)
FNDA:0,(anonymous_3)
FNDA:0,(anonymous_4)
FNDA:0,(anonymous_5)
DA:3,1
DA:6,1
DA:8,0
DA:17,0
DA:20,0
DA:25,0
DA:28,0
DA:33,0
DA:36,0
DA:47,0
DA:50,0
DA:55,0
DA:58,0
DA:63,0
DA:64,0
DA:65,0
DA:66,0
DA:68,0
DA:71,0
LF:19
LH:2
BRDA:63,0,0,0
BRDA:63,0,1,0
BRDA:65,1,0,0
BRDA:65,1,1,0
BRF:4
BRH:0
end_of_record
